<?xml version="1.0" encoding="UTF-8"?>
<testng-results ignored="0" total="1" passed="1" failed="0" skipped="0">
  <reporter-output>
  </reporter-output>
  <suite started-at="2023-10-23T11:44:17 EET" name="Default suite" finished-at="2023-10-23T11:44:26 EET" duration-ms="8855">
    <groups>
    </groups>
    <test started-at="2023-10-23T11:44:17 EET" name="Default test" finished-at="2023-10-23T11:44:26 EET" duration-ms="8855">
      <class name="Sign_up">
        <test-method is-config="true" signature="mySetup()[pri:0, instance:Sign_up@54afd745]" started-at="2023-10-23T11:44:17 EET" name="mySetup" finished-at="2023-10-23T11:44:25 EET" duration-ms="8013" status="PASS">
          <reporter-output>
          </reporter-output>
        </test-method> <!-- mySetup -->
        <test-method signature="myTest()[pri:0, instance:Sign_up@54afd745]" started-at="2023-10-23T11:44:25 EET" name="myTest" finished-at="2023-10-23T11:44:26 EET" duration-ms="803" status="PASS">
          <reporter-output>
          </reporter-output>
        </test-method> <!-- myTest -->
        <test-method is-config="true" signature="myAfter()[pri:0, instance:Sign_up@54afd745]" started-at="2023-10-23T11:44:26 EET" name="myAfter" finished-at="2023-10-23T11:44:26 EET" duration-ms="0" status="PASS">
          <reporter-output>
          </reporter-output>
        </test-method> <!-- myAfter -->
      </class> <!-- Sign_up -->
    </test> <!-- Default test -->
  </suite> <!-- Default suite -->
</testng-results>
